mode: atomic
github.com/go-shiori/shiori/internal/cmd/add.go:13.30,29.2 8 0
github.com/go-shiori/shiori/internal/cmd/add.go:31.52,55.27 12 0
github.com/go-shiori/shiori/internal/cmd/add.go:55.27,57.3 1 0
github.com/go-shiori/shiori/internal/cmd/add.go:60.2,62.16 3 0
github.com/go-shiori/shiori/internal/cmd/add.go:62.16,65.3 2 0
github.com/go-shiori/shiori/internal/cmd/add.go:68.2,68.22 1 0
github.com/go-shiori/shiori/internal/cmd/add.go:68.22,70.3 1 0
github.com/go-shiori/shiori/internal/cmd/add.go:73.2,74.16 2 0
github.com/go-shiori/shiori/internal/cmd/add.go:74.16,77.3 2 0
github.com/go-shiori/shiori/internal/cmd/add.go:79.2,82.14 2 0
github.com/go-shiori/shiori/internal/cmd/add.go:82.14,87.17 4 0
github.com/go-shiori/shiori/internal/cmd/add.go:87.17,89.4 1 0
github.com/go-shiori/shiori/internal/cmd/add.go:91.3,91.35 1 0
github.com/go-shiori/shiori/internal/cmd/add.go:91.35,105.18 4 0
github.com/go-shiori/shiori/internal/cmd/add.go:105.18,107.5 1 0
github.com/go-shiori/shiori/internal/cmd/add.go:109.4,109.18 1 0
github.com/go-shiori/shiori/internal/cmd/add.go:109.18,111.5 1 0
github.com/go-shiori/shiori/internal/cmd/add.go:115.3,116.17 2 0
github.com/go-shiori/shiori/internal/cmd/add.go:116.17,119.4 2 0
github.com/go-shiori/shiori/internal/cmd/add.go:123.2,124.22 2 0
github.com/go-shiori/shiori/internal/cmd/check.go:16.32,29.2 3 0
github.com/go-shiori/shiori/internal/cmd/check.go:31.54,36.36 2 0
github.com/go-shiori/shiori/internal/cmd/check.go:36.36,41.26 4 0
github.com/go-shiori/shiori/internal/cmd/check.go:41.26,44.4 2 0
github.com/go-shiori/shiori/internal/cmd/check.go:48.2,49.16 2 0
github.com/go-shiori/shiori/internal/cmd/check.go:49.16,52.3 2 0
github.com/go-shiori/shiori/internal/cmd/check.go:55.2,57.16 3 0
github.com/go-shiori/shiori/internal/cmd/check.go:57.16,60.3 2 0
github.com/go-shiori/shiori/internal/cmd/check.go:63.2,74.33 8 0
github.com/go-shiori/shiori/internal/cmd/check.go:74.33,77.39 2 0
github.com/go-shiori/shiori/internal/cmd/check.go:77.39,83.17 3 0
github.com/go-shiori/shiori/internal/cmd/check.go:83.17,85.5 1 0
github.com/go-shiori/shiori/internal/cmd/check.go:88.4,89.18 2 0
github.com/go-shiori/shiori/internal/cmd/check.go:89.18,93.5 3 0
github.com/go-shiori/shiori/internal/cmd/check.go:96.4,96.52 1 0
github.com/go-shiori/shiori/internal/cmd/check.go:101.2,101.25 1 0
github.com/go-shiori/shiori/internal/cmd/check.go:101.25,104.7 2 0
github.com/go-shiori/shiori/internal/cmd/check.go:104.7,105.11 1 0
github.com/go-shiori/shiori/internal/cmd/check.go:106.18,108.11 2 0
github.com/go-shiori/shiori/internal/cmd/check.go:109.27,110.48 1 0
github.com/go-shiori/shiori/internal/cmd/check.go:111.28,114.23 2 0
github.com/go-shiori/shiori/internal/cmd/check.go:115.16,116.61 1 0
github.com/go-shiori/shiori/internal/cmd/check.go:117.17,118.60 1 0
github.com/go-shiori/shiori/internal/cmd/check.go:125.2,132.30 5 0
github.com/go-shiori/shiori/internal/cmd/check.go:132.30,134.3 1 0
github.com/go-shiori/shiori/internal/cmd/check.go:134.8,138.37 4 0
github.com/go-shiori/shiori/internal/cmd/check.go:138.37,140.4 1 0
github.com/go-shiori/shiori/internal/cmd/check.go:141.3,141.16 1 0
github.com/go-shiori/shiori/internal/cmd/check.go:143.2,143.15 1 0
github.com/go-shiori/shiori/internal/cmd/delete.go:13.33,29.2 3 0
github.com/go-shiori/shiori/internal/cmd/delete.go:31.55,36.36 2 0
github.com/go-shiori/shiori/internal/cmd/delete.go:36.36,41.27 4 0
github.com/go-shiori/shiori/internal/cmd/delete.go:41.27,44.4 2 0
github.com/go-shiori/shiori/internal/cmd/delete.go:48.2,49.16 2 0
github.com/go-shiori/shiori/internal/cmd/delete.go:49.16,52.3 2 0
github.com/go-shiori/shiori/internal/cmd/delete.go:55.2,56.16 2 0
github.com/go-shiori/shiori/internal/cmd/delete.go:56.16,59.3 2 0
github.com/go-shiori/shiori/internal/cmd/delete.go:62.2,62.19 1 0
github.com/go-shiori/shiori/internal/cmd/delete.go:62.19,67.3 4 0
github.com/go-shiori/shiori/internal/cmd/delete.go:67.8,68.26 1 0
github.com/go-shiori/shiori/internal/cmd/delete.go:68.26,75.4 5 0
github.com/go-shiori/shiori/internal/cmd/delete.go:79.2,79.19 1 0
github.com/go-shiori/shiori/internal/cmd/delete.go:80.9,81.49 1 0
github.com/go-shiori/shiori/internal/cmd/delete.go:82.21,83.77 1 0
github.com/go-shiori/shiori/internal/cmd/delete.go:84.10,85.47 1 0
github.com/go-shiori/shiori/internal/cmd/export.go:15.33,24.2 2 0
github.com/go-shiori/shiori/internal/cmd/export.go:26.55,29.16 2 0
github.com/go-shiori/shiori/internal/cmd/export.go:29.16,32.3 2 0
github.com/go-shiori/shiori/internal/cmd/export.go:34.2,34.25 1 0
github.com/go-shiori/shiori/internal/cmd/export.go:34.25,37.3 2 0
github.com/go-shiori/shiori/internal/cmd/export.go:40.2,41.63 2 0
github.com/go-shiori/shiori/internal/cmd/export.go:41.63,43.3 1 0
github.com/go-shiori/shiori/internal/cmd/export.go:46.2,47.16 2 0
github.com/go-shiori/shiori/internal/cmd/export.go:47.16,50.3 2 0
github.com/go-shiori/shiori/internal/cmd/export.go:51.2,61.33 3 0
github.com/go-shiori/shiori/internal/cmd/export.go:61.33,64.17 2 0
github.com/go-shiori/shiori/internal/cmd/export.go:64.17,66.4 1 0
github.com/go-shiori/shiori/internal/cmd/export.go:67.3,71.33 3 0
github.com/go-shiori/shiori/internal/cmd/export.go:71.33,73.4 1 0
github.com/go-shiori/shiori/internal/cmd/export.go:74.3,82.36 4 0
github.com/go-shiori/shiori/internal/cmd/export.go:85.2,89.16 3 0
github.com/go-shiori/shiori/internal/cmd/export.go:89.16,92.3 2 0
github.com/go-shiori/shiori/internal/cmd/export.go:94.2,94.32 1 0
github.com/go-shiori/shiori/internal/cmd/import.go:18.33,29.2 3 0
github.com/go-shiori/shiori/internal/cmd/import.go:31.55,36.18 2 0
github.com/go-shiori/shiori/internal/cmd/import.go:36.18,42.3 4 0
github.com/go-shiori/shiori/internal/cmd/import.go:45.2,46.16 2 0
github.com/go-shiori/shiori/internal/cmd/import.go:46.16,49.3 2 0
github.com/go-shiori/shiori/internal/cmd/import.go:50.2,57.16 5 0
github.com/go-shiori/shiori/internal/cmd/import.go:57.16,60.3 2 0
github.com/go-shiori/shiori/internal/cmd/import.go:62.2,62.58 1 0
github.com/go-shiori/shiori/internal/cmd/import.go:62.58,74.19 8 0
github.com/go-shiori/shiori/internal/cmd/import.go:74.19,76.4 1 0
github.com/go-shiori/shiori/internal/cmd/import.go:79.3,80.20 2 0
github.com/go-shiori/shiori/internal/cmd/import.go:80.20,82.18 2 0
github.com/go-shiori/shiori/internal/cmd/import.go:82.18,85.5 2 0
github.com/go-shiori/shiori/internal/cmd/import.go:87.4,87.53 1 0
github.com/go-shiori/shiori/internal/cmd/import.go:91.3,92.17 2 0
github.com/go-shiori/shiori/internal/cmd/import.go:92.17,95.4 2 0
github.com/go-shiori/shiori/internal/cmd/import.go:98.3,102.37 2 0
github.com/go-shiori/shiori/internal/cmd/import.go:102.37,105.4 2 0
github.com/go-shiori/shiori/internal/cmd/import.go:107.3,108.51 2 0
github.com/go-shiori/shiori/internal/cmd/import.go:108.51,111.4 2 0
github.com/go-shiori/shiori/internal/cmd/import.go:113.3,113.12 1 0
github.com/go-shiori/shiori/internal/cmd/import.go:113.12,117.4 3 0
github.com/go-shiori/shiori/internal/cmd/import.go:120.3,121.54 2 0
github.com/go-shiori/shiori/internal/cmd/import.go:121.54,123.20 2 0
github.com/go-shiori/shiori/internal/cmd/import.go:123.20,125.5 1 0
github.com/go-shiori/shiori/internal/cmd/import.go:130.3,131.36 2 0
github.com/go-shiori/shiori/internal/cmd/import.go:131.36,133.4 1 0
github.com/go-shiori/shiori/internal/cmd/import.go:136.3,144.42 3 0
github.com/go-shiori/shiori/internal/cmd/import.go:148.2,149.16 2 0
github.com/go-shiori/shiori/internal/cmd/import.go:149.16,152.3 2 0
github.com/go-shiori/shiori/internal/cmd/import.go:155.2,156.30 2 0
github.com/go-shiori/shiori/internal/cmd/open.go:19.31,36.2 6 0
github.com/go-shiori/shiori/internal/cmd/open.go:38.53,47.16 6 0
github.com/go-shiori/shiori/internal/cmd/open.go:47.16,50.3 2 0
github.com/go-shiori/shiori/internal/cmd/open.go:53.2,53.33 1 0
github.com/go-shiori/shiori/internal/cmd/open.go:53.33,56.3 2 0
github.com/go-shiori/shiori/internal/cmd/open.go:60.2,60.36 1 0
github.com/go-shiori/shiori/internal/cmd/open.go:60.36,65.25 4 0
github.com/go-shiori/shiori/internal/cmd/open.go:65.25,67.4 1 0
github.com/go-shiori/shiori/internal/cmd/open.go:71.2,77.16 3 0
github.com/go-shiori/shiori/internal/cmd/open.go:77.16,80.3 2 0
github.com/go-shiori/shiori/internal/cmd/open.go:82.2,82.25 1 0
github.com/go-shiori/shiori/internal/cmd/open.go:82.25,83.19 1 0
github.com/go-shiori/shiori/internal/cmd/open.go:83.19,86.4 2 0
github.com/go-shiori/shiori/internal/cmd/open.go:86.9,89.4 2 0
github.com/go-shiori/shiori/internal/cmd/open.go:90.3,90.9 1 0
github.com/go-shiori/shiori/internal/cmd/open.go:94.2,94.36 1 0
github.com/go-shiori/shiori/internal/cmd/open.go:94.36,96.34 2 0
github.com/go-shiori/shiori/internal/cmd/open.go:96.34,98.18 2 0
github.com/go-shiori/shiori/internal/cmd/open.go:98.18,101.5 2 0
github.com/go-shiori/shiori/internal/cmd/open.go:103.3,103.16 1 0
github.com/go-shiori/shiori/internal/cmd/open.go:107.2,107.19 1 0
github.com/go-shiori/shiori/internal/cmd/open.go:107.19,111.34 3 0
github.com/go-shiori/shiori/internal/cmd/open.go:111.34,116.26 4 0
github.com/go-shiori/shiori/internal/cmd/open.go:116.26,119.5 2 0
github.com/go-shiori/shiori/internal/cmd/open.go:119.10,122.5 2 0
github.com/go-shiori/shiori/internal/cmd/open.go:124.4,126.17 3 0
github.com/go-shiori/shiori/internal/cmd/open.go:128.3,128.16 1 0
github.com/go-shiori/shiori/internal/cmd/open.go:132.2,136.16 4 0
github.com/go-shiori/shiori/internal/cmd/open.go:136.16,139.3 2 0
github.com/go-shiori/shiori/internal/cmd/open.go:140.2,144.94 3 0
github.com/go-shiori/shiori/internal/cmd/open.go:144.94,147.26 3 0
github.com/go-shiori/shiori/internal/cmd/open.go:147.26,149.4 1 0
github.com/go-shiori/shiori/internal/cmd/open.go:151.3,152.17 2 0
github.com/go-shiori/shiori/internal/cmd/open.go:152.17,153.14 1 0
github.com/go-shiori/shiori/internal/cmd/open.go:156.3,158.44 3 0
github.com/go-shiori/shiori/internal/cmd/open.go:158.44,159.14 1 0
github.com/go-shiori/shiori/internal/cmd/open.go:163.2,163.86 1 0
github.com/go-shiori/shiori/internal/cmd/open.go:163.86,165.3 1 0
github.com/go-shiori/shiori/internal/cmd/open.go:168.2,170.16 3 0
github.com/go-shiori/shiori/internal/cmd/open.go:170.16,173.3 2 0
github.com/go-shiori/shiori/internal/cmd/open.go:175.2,180.12 4 0
github.com/go-shiori/shiori/internal/cmd/open.go:180.12,184.17 3 0
github.com/go-shiori/shiori/internal/cmd/open.go:184.17,187.4 2 0
github.com/go-shiori/shiori/internal/cmd/open.go:191.2,192.16 2 0
github.com/go-shiori/shiori/internal/cmd/open.go:192.16,195.3 2 0
github.com/go-shiori/shiori/internal/cmd/pocket.go:16.33,25.2 2 0
github.com/go-shiori/shiori/internal/cmd/pocket.go:27.55,30.16 2 0
github.com/go-shiori/shiori/internal/cmd/pocket.go:30.16,33.3 2 0
github.com/go-shiori/shiori/internal/cmd/pocket.go:34.2,41.16 5 0
github.com/go-shiori/shiori/internal/cmd/pocket.go:41.16,44.3 2 0
github.com/go-shiori/shiori/internal/cmd/pocket.go:46.2,46.55 1 0
github.com/go-shiori/shiori/internal/cmd/pocket.go:46.55,58.17 9 0
github.com/go-shiori/shiori/internal/cmd/pocket.go:58.17,61.4 2 0
github.com/go-shiori/shiori/internal/cmd/pocket.go:64.3,68.37 2 0
github.com/go-shiori/shiori/internal/cmd/pocket.go:68.37,71.4 2 0
github.com/go-shiori/shiori/internal/cmd/pocket.go:73.3,74.17 2 0
github.com/go-shiori/shiori/internal/cmd/pocket.go:74.17,77.4 2 0
github.com/go-shiori/shiori/internal/cmd/pocket.go:79.3,79.12 1 0
github.com/go-shiori/shiori/internal/cmd/pocket.go:79.12,83.4 3 0
github.com/go-shiori/shiori/internal/cmd/pocket.go:86.3,87.54 2 0
github.com/go-shiori/shiori/internal/cmd/pocket.go:87.54,88.20 1 0
github.com/go-shiori/shiori/internal/cmd/pocket.go:88.20,90.5 1 0
github.com/go-shiori/shiori/internal/cmd/pocket.go:94.3,102.42 3 0
github.com/go-shiori/shiori/internal/cmd/pocket.go:106.2,107.16 2 0
github.com/go-shiori/shiori/internal/cmd/pocket.go:107.16,110.3 2 0
github.com/go-shiori/shiori/internal/cmd/pocket.go:113.2,114.30 2 0
github.com/go-shiori/shiori/internal/cmd/print.go:12.32,32.2 8 0
github.com/go-shiori/shiori/internal/cmd/print.go:34.54,45.16 8 0
github.com/go-shiori/shiori/internal/cmd/print.go:45.16,48.3 2 0
github.com/go-shiori/shiori/internal/cmd/print.go:51.2,52.17 2 0
github.com/go-shiori/shiori/internal/cmd/print.go:52.17,54.3 1 0
github.com/go-shiori/shiori/internal/cmd/print.go:56.2,65.16 3 0
github.com/go-shiori/shiori/internal/cmd/print.go:65.16,68.3 2 0
github.com/go-shiori/shiori/internal/cmd/print.go:70.2,70.25 1 0
github.com/go-shiori/shiori/internal/cmd/print.go:70.25,71.10 1 0
github.com/go-shiori/shiori/internal/cmd/print.go:72.21,73.45 1 0
github.com/go-shiori/shiori/internal/cmd/print.go:74.37,75.49 1 0
github.com/go-shiori/shiori/internal/cmd/print.go:76.11,77.44 1 0
github.com/go-shiori/shiori/internal/cmd/print.go:79.3,79.9 1 0
github.com/go-shiori/shiori/internal/cmd/print.go:83.2,83.13 1 0
github.com/go-shiori/shiori/internal/cmd/print.go:83.13,85.17 2 0
github.com/go-shiori/shiori/internal/cmd/print.go:85.17,88.4 2 0
github.com/go-shiori/shiori/internal/cmd/print.go:90.3,91.9 2 0
github.com/go-shiori/shiori/internal/cmd/print.go:94.2,94.15 1 0
github.com/go-shiori/shiori/internal/cmd/print.go:94.15,95.38 1 0
github.com/go-shiori/shiori/internal/cmd/print.go:95.38,97.4 1 0
github.com/go-shiori/shiori/internal/cmd/print.go:99.3,100.9 2 0
github.com/go-shiori/shiori/internal/cmd/print.go:103.2,103.30 1 0
github.com/go-shiori/shiori/internal/cmd/root.go:26.33,54.2 8 0
github.com/go-shiori/shiori/internal/cmd/root.go:56.59,65.57 3 0
github.com/go-shiori/shiori/internal/cmd/root.go:65.57,67.3 1 0
github.com/go-shiori/shiori/internal/cmd/root.go:67.8,69.3 1 0
github.com/go-shiori/shiori/internal/cmd/root.go:72.2,77.16 4 0
github.com/go-shiori/shiori/internal/cmd/root.go:77.16,80.3 2 0
github.com/go-shiori/shiori/internal/cmd/root.go:82.2,83.16 2 0
github.com/go-shiori/shiori/internal/cmd/root.go:83.16,86.3 2 0
github.com/go-shiori/shiori/internal/cmd/root.go:89.2,90.16 2 0
github.com/go-shiori/shiori/internal/cmd/root.go:90.16,93.3 2 0
github.com/go-shiori/shiori/internal/cmd/root.go:96.2,96.37 1 0
github.com/go-shiori/shiori/internal/cmd/root.go:96.37,99.3 2 0
github.com/go-shiori/shiori/internal/cmd/root.go:102.52,104.18 1 0
github.com/go-shiori/shiori/internal/cmd/root.go:104.18,106.17 2 0
github.com/go-shiori/shiori/internal/cmd/root.go:106.17,108.4 1 0
github.com/go-shiori/shiori/internal/cmd/root.go:110.3,111.45 2 0
github.com/go-shiori/shiori/internal/cmd/root.go:114.2,114.21 1 0
github.com/go-shiori/shiori/internal/cmd/root.go:114.21,116.3 1 0
github.com/go-shiori/shiori/internal/cmd/root.go:119.2,120.11 2 0
github.com/go-shiori/shiori/internal/cmd/root.go:120.11,122.3 1 0
github.com/go-shiori/shiori/internal/cmd/root.go:125.2,127.16 3 0
github.com/go-shiori/shiori/internal/cmd/root.go:127.16,129.3 1 0
github.com/go-shiori/shiori/internal/cmd/root.go:132.2,132.17 1 0
github.com/go-shiori/shiori/internal/cmd/root.go:135.61,136.54 1 0
github.com/go-shiori/shiori/internal/cmd/root.go:137.15,138.32 1 0
github.com/go-shiori/shiori/internal/cmd/root.go:139.20,140.37 1 0
github.com/go-shiori/shiori/internal/cmd/root.go:141.10,142.33 1 0
github.com/go-shiori/shiori/internal/cmd/root.go:146.67,149.2 2 0
github.com/go-shiori/shiori/internal/cmd/root.go:151.66,159.2 6 0
github.com/go-shiori/shiori/internal/cmd/root.go:161.71,171.2 7 0
github.com/go-shiori/shiori/internal/cmd/serve.go:11.32,27.2 6 0
github.com/go-shiori/shiori/internal/cmd/serve.go:29.54,37.20 5 0
github.com/go-shiori/shiori/internal/cmd/serve.go:37.20,39.3 1 0
github.com/go-shiori/shiori/internal/cmd/serve.go:41.2,41.39 1 0
github.com/go-shiori/shiori/internal/cmd/serve.go:41.39,43.3 1 0
github.com/go-shiori/shiori/internal/cmd/serve.go:45.2,45.39 1 0
github.com/go-shiori/shiori/internal/cmd/serve.go:45.39,47.3 1 0
github.com/go-shiori/shiori/internal/cmd/serve.go:50.2,60.16 3 0
github.com/go-shiori/shiori/internal/cmd/serve.go:60.16,62.3 1 0
github.com/go-shiori/shiori/internal/cmd/server.go:14.61,28.2 6 0
github.com/go-shiori/shiori/internal/cmd/server.go:30.93,31.49 1 0
github.com/go-shiori/shiori/internal/cmd/server.go:31.49,35.17 3 0
github.com/go-shiori/shiori/internal/cmd/server.go:35.17,37.4 1 0
github.com/go-shiori/shiori/internal/cmd/server.go:39.3,41.22 2 0
github.com/go-shiori/shiori/internal/cmd/server.go:41.22,43.4 1 0
github.com/go-shiori/shiori/internal/cmd/server.go:45.3,56.21 8 0
github.com/go-shiori/shiori/internal/cmd/server.go:56.21,58.4 1 0
github.com/go-shiori/shiori/internal/cmd/server.go:60.3,60.40 1 0
github.com/go-shiori/shiori/internal/cmd/server.go:60.40,62.4 1 0
github.com/go-shiori/shiori/internal/cmd/server.go:64.3,64.40 1 0
github.com/go-shiori/shiori/internal/cmd/server.go:64.40,66.4 1 0
github.com/go-shiori/shiori/internal/cmd/server.go:69.3,76.43 6 0
github.com/go-shiori/shiori/internal/cmd/server.go:76.43,78.4 1 0
github.com/go-shiori/shiori/internal/cmd/server.go:79.3,81.23 2 0
github.com/go-shiori/shiori/internal/cmd/update.go:16.33,41.2 11 0
github.com/go-shiori/shiori/internal/cmd/update.go:43.55,56.36 10 0
github.com/go-shiori/shiori/internal/cmd/update.go:56.36,61.27 4 0
github.com/go-shiori/shiori/internal/cmd/update.go:61.27,64.4 2 0
github.com/go-shiori/shiori/internal/cmd/update.go:68.2,69.16 2 0
github.com/go-shiori/shiori/internal/cmd/update.go:69.16,72.3 2 0
github.com/go-shiori/shiori/internal/cmd/update.go:75.2,78.32 3 0
github.com/go-shiori/shiori/internal/cmd/update.go:78.32,81.17 2 0
github.com/go-shiori/shiori/internal/cmd/update.go:81.17,82.53 1 0
github.com/go-shiori/shiori/internal/cmd/update.go:86.3,86.20 1 0
github.com/go-shiori/shiori/internal/cmd/update.go:86.20,89.4 2 0
github.com/go-shiori/shiori/internal/cmd/update.go:93.2,98.16 3 0
github.com/go-shiori/shiori/internal/cmd/update.go:98.16,101.3 2 0
github.com/go-shiori/shiori/internal/cmd/update.go:103.2,103.25 1 0
github.com/go-shiori/shiori/internal/cmd/update.go:103.25,106.3 2 0
github.com/go-shiori/shiori/internal/cmd/update.go:109.2,109.83 1 0
github.com/go-shiori/shiori/internal/cmd/update.go:109.83,117.27 6 0
github.com/go-shiori/shiori/internal/cmd/update.go:117.27,121.4 2 0
github.com/go-shiori/shiori/internal/cmd/update.go:125.2,127.14 2 0
github.com/go-shiori/shiori/internal/cmd/update.go:127.14,137.34 8 0
github.com/go-shiori/shiori/internal/cmd/update.go:137.34,144.17 3 0
github.com/go-shiori/shiori/internal/cmd/update.go:144.17,146.5 1 0
github.com/go-shiori/shiori/internal/cmd/update.go:148.4,148.40 1 0
github.com/go-shiori/shiori/internal/cmd/update.go:148.40,154.18 3 0
github.com/go-shiori/shiori/internal/cmd/update.go:154.18,156.6 1 0
github.com/go-shiori/shiori/internal/cmd/update.go:159.5,160.19 2 0
github.com/go-shiori/shiori/internal/cmd/update.go:160.19,164.6 3 0
github.com/go-shiori/shiori/internal/cmd/update.go:166.5,179.19 4 0
github.com/go-shiori/shiori/internal/cmd/update.go:179.19,183.6 3 0
github.com/go-shiori/shiori/internal/cmd/update.go:186.5,191.16 4 0
github.com/go-shiori/shiori/internal/cmd/update.go:196.3,196.26 1 0
github.com/go-shiori/shiori/internal/cmd/update.go:196.26,199.8 2 0
github.com/go-shiori/shiori/internal/cmd/update.go:199.8,200.12 1 0
github.com/go-shiori/shiori/internal/cmd/update.go:201.19,203.12 2 0
github.com/go-shiori/shiori/internal/cmd/update.go:204.28,205.49 1 0
github.com/go-shiori/shiori/internal/cmd/update.go:206.29,209.24 2 0
github.com/go-shiori/shiori/internal/cmd/update.go:210.17,211.62 1 0
github.com/go-shiori/shiori/internal/cmd/update.go:212.18,213.61 1 0
github.com/go-shiori/shiori/internal/cmd/update.go:220.3,221.16 2 0
github.com/go-shiori/shiori/internal/cmd/update.go:225.2,227.27 3 0
github.com/go-shiori/shiori/internal/cmd/update.go:227.27,231.38 3 0
github.com/go-shiori/shiori/internal/cmd/update.go:231.38,234.4 2 0
github.com/go-shiori/shiori/internal/cmd/update.go:234.9,236.4 1 0
github.com/go-shiori/shiori/internal/cmd/update.go:240.2,240.33 1 0
github.com/go-shiori/shiori/internal/cmd/update.go:240.33,242.18 1 0
github.com/go-shiori/shiori/internal/cmd/update.go:242.18,244.4 1 0
github.com/go-shiori/shiori/internal/cmd/update.go:246.3,246.20 1 0
github.com/go-shiori/shiori/internal/cmd/update.go:246.20,248.4 1 0
github.com/go-shiori/shiori/internal/cmd/update.go:251.3,251.16 1 0
github.com/go-shiori/shiori/internal/cmd/update.go:251.16,253.4 1 0
github.com/go-shiori/shiori/internal/cmd/update.go:256.3,260.37 3 0
github.com/go-shiori/shiori/internal/cmd/update.go:260.37,262.4 1 0
github.com/go-shiori/shiori/internal/cmd/update.go:264.3,265.33 2 0
github.com/go-shiori/shiori/internal/cmd/update.go:265.33,266.56 1 0
github.com/go-shiori/shiori/internal/cmd/update.go:266.56,268.5 1 0
github.com/go-shiori/shiori/internal/cmd/update.go:270.4,270.60 1 0
github.com/go-shiori/shiori/internal/cmd/update.go:270.60,272.5 1 0
github.com/go-shiori/shiori/internal/cmd/update.go:274.4,274.34 1 0
github.com/go-shiori/shiori/internal/cmd/update.go:277.3,277.33 1 0
github.com/go-shiori/shiori/internal/cmd/update.go:277.33,279.4 1 0
github.com/go-shiori/shiori/internal/cmd/update.go:281.3,284.22 2 0
github.com/go-shiori/shiori/internal/cmd/update.go:288.2,289.16 2 0
github.com/go-shiori/shiori/internal/cmd/update.go:289.16,292.3 2 0
github.com/go-shiori/shiori/internal/cmd/update.go:295.2,299.29 4 0
github.com/go-shiori/shiori/internal/cmd/update.go:299.29,304.37 4 0
github.com/go-shiori/shiori/internal/cmd/update.go:304.37,306.4 1 0
github.com/go-shiori/shiori/internal/cmd/update.go:307.3,307.16 1 0
github.com/go-shiori/shiori/internal/cmd/update.go:309.2,309.15 1 0
github.com/go-shiori/shiori/internal/cmd/utils.go:34.40,37.2 2 5
github.com/go-shiori/shiori/internal/cmd/utils.go:39.32,42.2 2 6
github.com/go-shiori/shiori/internal/cmd/utils.go:44.50,45.37 1 0
github.com/go-shiori/shiori/internal/cmd/utils.go:45.37,59.29 7 0
github.com/go-shiori/shiori/internal/cmd/utils.go:59.29,62.4 2 0
github.com/go-shiori/shiori/internal/cmd/utils.go:65.3,65.29 1 0
github.com/go-shiori/shiori/internal/cmd/utils.go:65.29,67.38 2 0
github.com/go-shiori/shiori/internal/cmd/utils.go:67.38,68.34 1 0
github.com/go-shiori/shiori/internal/cmd/utils.go:68.34,70.6 1 0
github.com/go-shiori/shiori/internal/cmd/utils.go:70.11,72.6 1 0
github.com/go-shiori/shiori/internal/cmd/utils.go:77.3,77.16 1 0
github.com/go-shiori/shiori/internal/cmd/utils.go:82.55,84.35 2 8
github.com/go-shiori/shiori/internal/cmd/utils.go:84.35,85.39 1 16
github.com/go-shiori/shiori/internal/cmd/utils.go:85.39,87.31 2 10
github.com/go-shiori/shiori/internal/cmd/utils.go:87.31,89.5 1 2
github.com/go-shiori/shiori/internal/cmd/utils.go:91.4,92.12 2 8
github.com/go-shiori/shiori/internal/cmd/utils.go:95.3,96.22 2 6
github.com/go-shiori/shiori/internal/cmd/utils.go:96.22,98.4 1 0
github.com/go-shiori/shiori/internal/cmd/utils.go:100.3,102.76 3 6
github.com/go-shiori/shiori/internal/cmd/utils.go:102.76,104.4 1 1
github.com/go-shiori/shiori/internal/cmd/utils.go:106.3,106.41 1 5
github.com/go-shiori/shiori/internal/cmd/utils.go:106.41,108.4 1 19
github.com/go-shiori/shiori/internal/cmd/utils.go:111.2,111.23 1 5
github.com/go-shiori/shiori/internal/cmd/utils.go:116.36,118.22 2 0
github.com/go-shiori/shiori/internal/cmd/utils.go:119.16,120.26 1 0
github.com/go-shiori/shiori/internal/cmd/utils.go:121.17,122.40 1 0
github.com/go-shiori/shiori/internal/cmd/utils.go:123.10,124.30 1 0
github.com/go-shiori/shiori/internal/cmd/utils.go:127.2,128.18 2 0
github.com/go-shiori/shiori/internal/cmd/utils.go:131.29,134.2 2 0
github.com/go-shiori/shiori/internal/cmd/utils.go:136.51,142.17 3 0
github.com/go-shiori/shiori/internal/cmd/utils.go:142.17,144.3 1 0
github.com/go-shiori/shiori/internal/cmd/utils.go:147.2,147.45 1 0
github.com/go-shiori/shiori/internal/cmd/utils.go:147.45,149.3 1 0
github.com/go-shiori/shiori/internal/cmd/utils.go:152.2,152.30 1 0
github.com/go-shiori/shiori/internal/cmd/utils.go:152.30,153.26 1 0
github.com/go-shiori/shiori/internal/cmd/utils.go:153.26,155.4 1 0
github.com/go-shiori/shiori/internal/cmd/utils.go:156.3,156.11 1 0
github.com/go-shiori/shiori/internal/cmd/utils.go:158.2,162.20 3 0
github.com/go-shiori/shiori/internal/cmd/utils.go:162.20,164.3 1 0
github.com/go-shiori/shiori/internal/cmd/utils.go:166.2,166.17 1 0
github.com/go-shiori/shiori/internal/cmd/utils.go:169.64,171.2 1 0
github.com/go-shiori/shiori/internal/cmd/version.go:9.62,17.2 2 0
github.com/go-shiori/shiori/internal/cmd/version.go:19.94,20.49 1 0
github.com/go-shiori/shiori/internal/cmd/version.go:20.49,22.3 1 0
github.com/go-shiori/shiori/internal/http/routes/bookmark.go:20.69,24.2 3 0
github.com/go-shiori/shiori/internal/http/routes/bookmark.go:26.65,30.14 3 0
github.com/go-shiori/shiori/internal/http/routes/bookmark.go:30.14,33.3 2 0
github.com/go-shiori/shiori/internal/http/routes/bookmark.go:35.2,36.16 2 0
github.com/go-shiori/shiori/internal/http/routes/bookmark.go:36.16,40.3 3 0
github.com/go-shiori/shiori/internal/http/routes/bookmark.go:42.2,42.21 1 0
github.com/go-shiori/shiori/internal/http/routes/bookmark.go:42.21,45.3 2 0
github.com/go-shiori/shiori/internal/http/routes/bookmark.go:47.2,48.26 2 0
github.com/go-shiori/shiori/internal/http/routes/bookmark.go:48.26,51.3 2 0
github.com/go-shiori/shiori/internal/http/routes/bookmark.go:53.2,53.49 1 0
github.com/go-shiori/shiori/internal/http/routes/bookmark.go:53.49,56.3 2 0
github.com/go-shiori/shiori/internal/http/routes/bookmark.go:58.2,58.41 1 0
github.com/go-shiori/shiori/internal/http/routes/bookmark.go:61.66,61.67 0 0
github.com/go-shiori/shiori/internal/http/routes/bookmark.go:63.90,68.2 1 0
github.com/go-shiori/shiori/internal/http/routes/frontend.go:20.62,23.2 2 3
github.com/go-shiori/shiori/internal/http/routes/frontend.go:25.56,29.2 1 1
github.com/go-shiori/shiori/internal/http/routes/frontend.go:36.47,39.2 2 1
github.com/go-shiori/shiori/internal/http/routes/frontend.go:41.86,46.2 1 1
github.com/go-shiori/shiori/internal/http/routes/swagger.go:17.67,18.29 1 1
github.com/go-shiori/shiori/internal/http/routes/swagger.go:18.29,19.76 1 3
github.com/go-shiori/shiori/internal/http/routes/swagger.go:19.76,22.4 2 2
github.com/go-shiori/shiori/internal/http/routes/swagger.go:24.2,25.10 2 1
github.com/go-shiori/shiori/internal/http/routes/swagger.go:28.67,32.2 1 1
github.com/go-shiori/shiori/internal/http/routes/system.go:14.67,17.2 2 1
github.com/go-shiori/shiori/internal/http/routes/system.go:19.56,21.2 1 1
github.com/go-shiori/shiori/internal/http/routes/system.go:23.59,27.2 1 1
github.com/go-shiori/shiori/internal/webserver/assets-prod.go:14.13,17.16 3 1
github.com/go-shiori/shiori/internal/webserver/assets-prod.go:17.16,18.13 1 0
github.com/go-shiori/shiori/internal/webserver/handler-api-ext.go:20.103,34.16 8 0
github.com/go-shiori/shiori/internal/webserver/handler-api-ext.go:34.16,35.52 1 0
github.com/go-shiori/shiori/internal/webserver/handler-api-ext.go:39.2,40.16 2 0
github.com/go-shiori/shiori/internal/webserver/handler-api-ext.go:40.16,41.60 1 0
github.com/go-shiori/shiori/internal/webserver/handler-api-ext.go:45.2,45.11 1 0
github.com/go-shiori/shiori/internal/webserver/handler-api-ext.go:45.11,49.36 3 0
github.com/go-shiori/shiori/internal/webserver/handler-api-ext.go:49.36,51.4 1 0
github.com/go-shiori/shiori/internal/webserver/handler-api-ext.go:53.3,53.39 1 0
github.com/go-shiori/shiori/internal/webserver/handler-api-ext.go:53.39,54.57 1 0
github.com/go-shiori/shiori/internal/webserver/handler-api-ext.go:54.57,56.5 1 0
github.com/go-shiori/shiori/internal/webserver/handler-api-ext.go:58.8,58.32 1 0
github.com/go-shiori/shiori/internal/webserver/handler-api-ext.go:58.32,60.3 1 0
github.com/go-shiori/shiori/internal/webserver/handler-api-ext.go:65.2,68.24 3 0
github.com/go-shiori/shiori/internal/webserver/handler-api-ext.go:68.24,70.3 1 0
github.com/go-shiori/shiori/internal/webserver/handler-api-ext.go:70.8,73.3 2 0
github.com/go-shiori/shiori/internal/webserver/handler-api-ext.go:78.2,78.12 1 0
github.com/go-shiori/shiori/internal/webserver/handler-api-ext.go:78.12,80.17 2 0
github.com/go-shiori/shiori/internal/webserver/handler-api-ext.go:80.17,83.4 2 0
github.com/go-shiori/shiori/internal/webserver/handler-api-ext.go:84.3,84.18 1 0
github.com/go-shiori/shiori/internal/webserver/handler-api-ext.go:89.2,89.26 1 0
github.com/go-shiori/shiori/internal/webserver/handler-api-ext.go:89.26,101.51 5 0
github.com/go-shiori/shiori/internal/webserver/handler-api-ext.go:101.51,103.4 1 0
github.com/go-shiori/shiori/internal/webserver/handler-api-ext.go:107.3,107.31 1 0
github.com/go-shiori/shiori/internal/webserver/handler-api-ext.go:107.31,109.4 1 0
github.com/go-shiori/shiori/internal/webserver/handler-api-ext.go:109.9,109.72 1 0
github.com/go-shiori/shiori/internal/webserver/handler-api-ext.go:109.72,111.4 1 0
github.com/go-shiori/shiori/internal/webserver/handler-api-ext.go:115.2,117.17 3 0
github.com/go-shiori/shiori/internal/webserver/handler-api-ext.go:121.103,137.11 9 0
github.com/go-shiori/shiori/internal/webserver/handler-api-ext.go:137.11,149.3 7 0
github.com/go-shiori/shiori/internal/webserver/handler-api-ext.go:151.2,151.18 1 0
github.com/go-shiori/shiori/internal/webserver/handler-api.go:26.116,28.16 2 0
github.com/go-shiori/shiori/internal/webserver/handler-api.go:28.16,30.3 1 0
github.com/go-shiori/shiori/internal/webserver/handler-api.go:32.2,42.30 4 0
github.com/go-shiori/shiori/internal/webserver/handler-api.go:42.30,44.3 1 0
github.com/go-shiori/shiori/internal/webserver/handler-api.go:46.2,46.21 1 0
github.com/go-shiori/shiori/internal/webserver/handler-api.go:50.90,65.67 5 0
github.com/go-shiori/shiori/internal/webserver/handler-api.go:65.67,77.61 6 0
github.com/go-shiori/shiori/internal/webserver/handler-api.go:77.61,80.4 2 0
github.com/go-shiori/shiori/internal/webserver/handler-api.go:81.3,93.18 6 0
github.com/go-shiori/shiori/internal/webserver/handler-api.go:98.2,105.88 4 0
github.com/go-shiori/shiori/internal/webserver/handler-api.go:105.88,111.3 2 0
github.com/go-shiori/shiori/internal/webserver/handler-api.go:114.2,117.12 3 0
github.com/go-shiori/shiori/internal/webserver/handler-api.go:117.12,118.46 1 0
github.com/go-shiori/shiori/internal/webserver/handler-api.go:122.2,123.16 2 0
github.com/go-shiori/shiori/internal/webserver/handler-api.go:123.16,124.57 1 0
github.com/go-shiori/shiori/internal/webserver/handler-api.go:128.2,128.37 1 0
github.com/go-shiori/shiori/internal/webserver/handler-api.go:128.37,129.64 1 0
github.com/go-shiori/shiori/internal/webserver/handler-api.go:133.2,134.22 2 0
github.com/go-shiori/shiori/internal/webserver/handler-api.go:134.22,136.3 1 0
github.com/go-shiori/shiori/internal/webserver/handler-api.go:139.2,139.30 1 0
github.com/go-shiori/shiori/internal/webserver/handler-api.go:143.91,146.21 2 0
github.com/go-shiori/shiori/internal/webserver/handler-api.go:146.21,148.3 1 0
github.com/go-shiori/shiori/internal/webserver/handler-api.go:150.2,150.18 1 0
github.com/go-shiori/shiori/internal/webserver/handler-api.go:154.97,168.37 9 0
github.com/go-shiori/shiori/internal/webserver/handler-api.go:168.37,170.3 1 0
github.com/go-shiori/shiori/internal/webserver/handler-api.go:172.2,173.53 2 0
github.com/go-shiori/shiori/internal/webserver/handler-api.go:173.53,175.3 1 0
github.com/go-shiori/shiori/internal/webserver/handler-api.go:177.2,178.14 2 0
github.com/go-shiori/shiori/internal/webserver/handler-api.go:178.14,180.3 1 0
github.com/go-shiori/shiori/internal/webserver/handler-api.go:183.2,202.27 7 0
github.com/go-shiori/shiori/internal/webserver/handler-api.go:202.27,207.26 4 0
github.com/go-shiori/shiori/internal/webserver/handler-api.go:207.26,209.4 1 0
github.com/go-shiori/shiori/internal/webserver/handler-api.go:211.3,211.30 1 0
github.com/go-shiori/shiori/internal/webserver/handler-api.go:211.30,213.4 1 0
github.com/go-shiori/shiori/internal/webserver/handler-api.go:217.2,225.17 4 0
github.com/go-shiori/shiori/internal/webserver/handler-api.go:229.92,243.2 8 0
github.com/go-shiori/shiori/internal/webserver/handler-api.go:246.94,263.2 9 0
github.com/go-shiori/shiori/internal/webserver/handler-api.go:278.62,283.2 1 0
github.com/go-shiori/shiori/internal/webserver/handler-api.go:286.99,309.16 9 0
github.com/go-shiori/shiori/internal/webserver/handler-api.go:309.16,310.52 1 0
github.com/go-shiori/shiori/internal/webserver/handler-api.go:314.2,314.22 1 0
github.com/go-shiori/shiori/internal/webserver/handler-api.go:314.22,316.3 1 0
github.com/go-shiori/shiori/internal/webserver/handler-api.go:319.2,320.37 2 0
github.com/go-shiori/shiori/internal/webserver/handler-api.go:320.37,321.56 1 0
github.com/go-shiori/shiori/internal/webserver/handler-api.go:324.2,326.19 2 0
github.com/go-shiori/shiori/internal/webserver/handler-api.go:326.19,327.13 1 0
github.com/go-shiori/shiori/internal/webserver/handler-api.go:327.13,329.18 2 0
github.com/go-shiori/shiori/internal/webserver/handler-api.go:329.18,332.5 2 0
github.com/go-shiori/shiori/internal/webserver/handler-api.go:333.4,333.88 1 0
github.com/go-shiori/shiori/internal/webserver/handler-api.go:333.88,335.5 1 0
github.com/go-shiori/shiori/internal/webserver/handler-api.go:337.8,341.17 2 0
github.com/go-shiori/shiori/internal/webserver/handler-api.go:341.17,343.4 1 0
github.com/go-shiori/shiori/internal/webserver/handler-api.go:343.9,343.73 1 0
github.com/go-shiori/shiori/internal/webserver/handler-api.go:343.73,345.4 1 0
github.com/go-shiori/shiori/internal/webserver/handler-api.go:349.2,351.17 3 0
github.com/go-shiori/shiori/internal/webserver/handler-api.go:355.99,372.25 9 0
github.com/go-shiori/shiori/internal/webserver/handler-api.go:372.25,379.3 5 0
github.com/go-shiori/shiori/internal/webserver/handler-api.go:381.2,381.18 1 0
github.com/go-shiori/shiori/internal/webserver/handler-api.go:385.99,398.25 7 0
github.com/go-shiori/shiori/internal/webserver/handler-api.go:398.25,399.44 1 0
github.com/go-shiori/shiori/internal/webserver/handler-api.go:403.2,410.25 4 0
github.com/go-shiori/shiori/internal/webserver/handler-api.go:410.25,411.53 1 0
github.com/go-shiori/shiori/internal/webserver/handler-api.go:415.2,423.16 7 0
github.com/go-shiori/shiori/internal/webserver/handler-api.go:423.16,424.52 1 0
github.com/go-shiori/shiori/internal/webserver/handler-api.go:428.2,428.27 1 0
github.com/go-shiori/shiori/internal/webserver/handler-api.go:428.27,430.3 1 0
github.com/go-shiori/shiori/internal/webserver/handler-api.go:432.2,432.38 1 0
github.com/go-shiori/shiori/internal/webserver/handler-api.go:432.38,433.36 1 0
github.com/go-shiori/shiori/internal/webserver/handler-api.go:433.36,434.34 1 0
github.com/go-shiori/shiori/internal/webserver/handler-api.go:434.34,437.10 3 0
github.com/go-shiori/shiori/internal/webserver/handler-api.go:441.3,441.21 1 0
github.com/go-shiori/shiori/internal/webserver/handler-api.go:441.21,443.4 1 0
github.com/go-shiori/shiori/internal/webserver/handler-api.go:447.2,458.17 8 0
github.com/go-shiori/shiori/internal/webserver/handler-api.go:462.96,487.25 10 0
github.com/go-shiori/shiori/internal/webserver/handler-api.go:487.25,488.53 1 0
github.com/go-shiori/shiori/internal/webserver/handler-api.go:493.2,493.25 1 0
github.com/go-shiori/shiori/internal/webserver/handler-api.go:493.25,494.50 1 0
github.com/go-shiori/shiori/internal/webserver/handler-api.go:495.8,495.56 1 0
github.com/go-shiori/shiori/internal/webserver/handler-api.go:495.56,496.63 1 0
github.com/go-shiori/shiori/internal/webserver/handler-api.go:500.2,506.33 6 0
github.com/go-shiori/shiori/internal/webserver/handler-api.go:506.33,512.58 3 0
github.com/go-shiori/shiori/internal/webserver/handler-api.go:512.58,518.17 3 0
github.com/go-shiori/shiori/internal/webserver/handler-api.go:518.17,520.5 1 0
github.com/go-shiori/shiori/internal/webserver/handler-api.go:523.4,524.18 2 0
github.com/go-shiori/shiori/internal/webserver/handler-api.go:524.18,527.5 2 0
github.com/go-shiori/shiori/internal/webserver/handler-api.go:529.4,541.18 4 0
github.com/go-shiori/shiori/internal/webserver/handler-api.go:541.18,544.5 2 0
github.com/go-shiori/shiori/internal/webserver/handler-api.go:547.4,549.15 3 0
github.com/go-shiori/shiori/internal/webserver/handler-api.go:554.2,555.12 2 0
github.com/go-shiori/shiori/internal/webserver/handler-api.go:555.12,556.7 1 0
github.com/go-shiori/shiori/internal/webserver/handler-api.go:556.7,557.11 1 0
github.com/go-shiori/shiori/internal/webserver/handler-api.go:558.18,559.11 1 0
github.com/go-shiori/shiori/internal/webserver/handler-api.go:560.27,561.48 1 0
github.com/go-shiori/shiori/internal/webserver/handler-api.go:567.2,577.17 7 0
github.com/go-shiori/shiori/internal/webserver/handler-api.go:581.103,598.53 7 0
github.com/go-shiori/shiori/internal/webserver/handler-api.go:598.53,599.51 1 0
github.com/go-shiori/shiori/internal/webserver/handler-api.go:603.2,610.25 4 0
github.com/go-shiori/shiori/internal/webserver/handler-api.go:610.25,611.53 1 0
github.com/go-shiori/shiori/internal/webserver/handler-api.go:615.2,615.33 1 0
github.com/go-shiori/shiori/internal/webserver/handler-api.go:615.33,616.39 1 0
github.com/go-shiori/shiori/internal/webserver/handler-api.go:616.39,617.37 1 0
github.com/go-shiori/shiori/internal/webserver/handler-api.go:617.37,618.35 1 0
github.com/go-shiori/shiori/internal/webserver/handler-api.go:618.35,620.11 2 0
github.com/go-shiori/shiori/internal/webserver/handler-api.go:624.4,624.22 1 0
github.com/go-shiori/shiori/internal/webserver/handler-api.go:624.22,626.5 1 0
github.com/go-shiori/shiori/internal/webserver/handler-api.go:629.3,629.22 1 0
github.com/go-shiori/shiori/internal/webserver/handler-api.go:633.2,637.27 3 0
github.com/go-shiori/shiori/internal/webserver/handler-api.go:637.27,642.26 4 0
github.com/go-shiori/shiori/internal/webserver/handler-api.go:642.26,644.4 1 0
github.com/go-shiori/shiori/internal/webserver/handler-api.go:648.2,649.17 2 0
github.com/go-shiori/shiori/internal/webserver/handler-api.go:653.96,667.2 8 0
github.com/go-shiori/shiori/internal/webserver/handler-api.go:670.98,687.2 9 0
github.com/go-shiori/shiori/internal/webserver/handler-api.go:690.98,712.12 9 0
github.com/go-shiori/shiori/internal/webserver/handler-api.go:712.12,713.46 1 0
github.com/go-shiori/shiori/internal/webserver/handler-api.go:717.2,718.16 2 0
github.com/go-shiori/shiori/internal/webserver/handler-api.go:718.16,719.50 1 0
github.com/go-shiori/shiori/internal/webserver/handler-api.go:723.2,729.60 5 0
github.com/go-shiori/shiori/internal/webserver/handler-api.go:729.60,731.40 2 0
github.com/go-shiori/shiori/internal/webserver/handler-api.go:731.40,733.4 1 0
github.com/go-shiori/shiori/internal/webserver/handler-api.go:735.3,735.39 1 0
github.com/go-shiori/shiori/internal/webserver/handler-api.go:738.2,738.18 1 0
github.com/go-shiori/shiori/internal/webserver/handler-api.go:742.98,760.37 10 0
github.com/go-shiori/shiori/internal/webserver/handler-api.go:760.37,761.53 1 0
github.com/go-shiori/shiori/internal/webserver/handler-api.go:761.53,763.41 2 0
github.com/go-shiori/shiori/internal/webserver/handler-api.go:763.41,765.5 1 0
github.com/go-shiori/shiori/internal/webserver/handler-api.go:767.4,767.32 1 0
github.com/go-shiori/shiori/internal/webserver/handler-api.go:771.2,771.18 1 0
github.com/go-shiori/shiori/internal/webserver/handler-ui.go:24.91,32.2 6 0
github.com/go-shiori/shiori/internal/webserver/handler-ui.go:35.93,40.88 4 0
github.com/go-shiori/shiori/internal/webserver/handler-ui.go:40.88,43.27 3 0
github.com/go-shiori/shiori/internal/webserver/handler-ui.go:43.27,45.4 1 0
github.com/go-shiori/shiori/internal/webserver/handler-ui.go:48.2,49.17 2 0
github.com/go-shiori/shiori/internal/webserver/handler-ui.go:53.96,56.16 2 0
github.com/go-shiori/shiori/internal/webserver/handler-ui.go:56.16,61.3 4 0
github.com/go-shiori/shiori/internal/webserver/handler-ui.go:63.2,63.21 1 0
github.com/go-shiori/shiori/internal/webserver/handler-ui.go:63.21,64.46 1 0
github.com/go-shiori/shiori/internal/webserver/handler-ui.go:64.46,66.4 1 0
github.com/go-shiori/shiori/internal/webserver/handler-ui.go:69.2,70.17 2 0
github.com/go-shiori/shiori/internal/webserver/handler-ui.go:74.96,77.16 2 0
github.com/go-shiori/shiori/internal/webserver/handler-ui.go:77.16,81.3 3 0
github.com/go-shiori/shiori/internal/webserver/handler-ui.go:83.2,83.21 1 0
github.com/go-shiori/shiori/internal/webserver/handler-ui.go:83.21,84.46 1 0
github.com/go-shiori/shiori/internal/webserver/handler-ui.go:84.46,86.4 1 0
github.com/go-shiori/shiori/internal/webserver/handler-ui.go:89.2,90.17 2 0
github.com/go-shiori/shiori/internal/webserver/handler-ui.go:94.102,106.12 7 0
github.com/go-shiori/shiori/internal/webserver/handler-ui.go:106.12,107.42 1 0
github.com/go-shiori/shiori/internal/webserver/handler-ui.go:111.2,111.26 1 0
github.com/go-shiori/shiori/internal/webserver/handler-ui.go:111.26,113.17 2 0
github.com/go-shiori/shiori/internal/webserver/handler-ui.go:113.17,118.4 4 0
github.com/go-shiori/shiori/internal/webserver/handler-ui.go:122.2,123.29 2 0
github.com/go-shiori/shiori/internal/webserver/handler-ui.go:123.29,130.12 4 0
github.com/go-shiori/shiori/internal/webserver/handler-ui.go:130.12,132.4 1 0
github.com/go-shiori/shiori/internal/webserver/handler-ui.go:132.9,138.4 4 0
github.com/go-shiori/shiori/internal/webserver/handler-ui.go:141.3,141.57 1 0
github.com/go-shiori/shiori/internal/webserver/handler-ui.go:141.57,145.4 3 0
github.com/go-shiori/shiori/internal/webserver/handler-ui.go:147.3,151.86 4 0
github.com/go-shiori/shiori/internal/webserver/handler-ui.go:151.86,157.17 3 0
github.com/go-shiori/shiori/internal/webserver/handler-ui.go:157.17,159.64 2 0
github.com/go-shiori/shiori/internal/webserver/handler-ui.go:159.64,161.6 1 0
github.com/go-shiori/shiori/internal/webserver/handler-ui.go:165.4,166.35 2 0
github.com/go-shiori/shiori/internal/webserver/handler-ui.go:166.35,169.23 3 0
github.com/go-shiori/shiori/internal/webserver/handler-ui.go:169.23,170.14 1 0
github.com/go-shiori/shiori/internal/webserver/handler-ui.go:173.5,174.64 2 0
github.com/go-shiori/shiori/internal/webserver/handler-ui.go:174.64,177.6 2 0
github.com/go-shiori/shiori/internal/webserver/handler-ui.go:180.4,180.24 1 0
github.com/go-shiori/shiori/internal/webserver/handler-ui.go:180.24,182.5 1 0
github.com/go-shiori/shiori/internal/webserver/handler-ui.go:185.3,186.18 2 0
github.com/go-shiori/shiori/internal/webserver/handler-ui.go:190.2,190.21 1 0
github.com/go-shiori/shiori/internal/webserver/handler-ui.go:190.21,191.46 1 0
github.com/go-shiori/shiori/internal/webserver/handler-ui.go:191.46,193.4 1 0
github.com/go-shiori/shiori/internal/webserver/handler-ui.go:196.2,202.17 3 0
github.com/go-shiori/shiori/internal/webserver/handler-ui.go:206.101,219.12 7 0
github.com/go-shiori/shiori/internal/webserver/handler-ui.go:219.12,222.3 2 0
github.com/go-shiori/shiori/internal/webserver/handler-ui.go:225.2,225.26 1 0
github.com/go-shiori/shiori/internal/webserver/handler-ui.go:225.26,227.17 2 0
github.com/go-shiori/shiori/internal/webserver/handler-ui.go:227.17,232.4 4 0
github.com/go-shiori/shiori/internal/webserver/handler-ui.go:235.2,257.42 15 0
github.com/go-shiori/shiori/internal/webserver/handler-ui.go:257.42,259.3 1 0
github.com/go-shiori/shiori/internal/webserver/handler-ui.go:260.2,261.17 2 0
github.com/go-shiori/shiori/internal/webserver/handler-ui.go:265.102,280.12 9 0
github.com/go-shiori/shiori/internal/webserver/handler-ui.go:280.12,281.42 1 0
github.com/go-shiori/shiori/internal/webserver/handler-ui.go:285.2,285.26 1 0
github.com/go-shiori/shiori/internal/webserver/handler-ui.go:285.26,287.17 2 0
github.com/go-shiori/shiori/internal/webserver/handler-ui.go:287.17,292.4 4 0
github.com/go-shiori/shiori/internal/webserver/handler-ui.go:296.2,299.11 3 0
github.com/go-shiori/shiori/internal/webserver/handler-ui.go:299.11,301.3 1 0
github.com/go-shiori/shiori/internal/webserver/handler-ui.go:301.8,307.3 4 0
github.com/go-shiori/shiori/internal/webserver/handler-ui.go:309.2,317.87 5 0
github.com/go-shiori/shiori/internal/webserver/handler-ui.go:317.87,347.64 19 0
github.com/go-shiori/shiori/internal/webserver/handler-ui.go:347.64,349.4 1 0
github.com/go-shiori/shiori/internal/webserver/handler-ui.go:350.3,351.9 2 0
github.com/go-shiori/shiori/internal/webserver/handler-ui.go:355.2,355.44 1 0
github.com/go-shiori/shiori/internal/webserver/handler-ui.go:355.44,357.3 1 0
github.com/go-shiori/shiori/internal/webserver/handler.go:29.41,30.61 1 0
github.com/go-shiori/shiori/internal/webserver/handler.go:30.61,33.13 3 0
github.com/go-shiori/shiori/internal/webserver/handler.go:33.13,35.4 1 0
github.com/go-shiori/shiori/internal/webserver/handler.go:37.3,38.40 2 0
github.com/go-shiori/shiori/internal/webserver/handler.go:38.40,39.28 1 0
github.com/go-shiori/shiori/internal/webserver/handler.go:39.28,41.10 2 0
github.com/go-shiori/shiori/internal/webserver/handler.go:45.3,45.52 1 0
github.com/go-shiori/shiori/internal/webserver/handler.go:49.41,50.62 1 0
github.com/go-shiori/shiori/internal/webserver/handler.go:50.62,53.3 2 0
github.com/go-shiori/shiori/internal/webserver/handler.go:56.44,63.40 3 0
github.com/go-shiori/shiori/internal/webserver/handler.go:63.40,65.4 1 0
github.com/go-shiori/shiori/internal/webserver/handler.go:69.2,69.61 1 0
github.com/go-shiori/shiori/internal/webserver/handler.go:69.61,71.17 2 0
github.com/go-shiori/shiori/internal/webserver/handler.go:71.17,73.4 1 0
github.com/go-shiori/shiori/internal/webserver/handler.go:77.2,86.16 2 0
github.com/go-shiori/shiori/internal/webserver/handler.go:86.16,88.3 1 0
github.com/go-shiori/shiori/internal/webserver/handler.go:90.2,90.12 1 0
github.com/go-shiori/shiori/internal/webserver/handler.go:93.56,98.21 2 0
github.com/go-shiori/shiori/internal/webserver/handler.go:98.21,100.17 2 0
github.com/go-shiori/shiori/internal/webserver/handler.go:100.17,102.4 1 0
github.com/go-shiori/shiori/internal/webserver/handler.go:104.3,104.27 1 0
github.com/go-shiori/shiori/internal/webserver/handler.go:107.2,107.18 1 0
github.com/go-shiori/shiori/internal/webserver/handler.go:111.58,113.21 2 0
github.com/go-shiori/shiori/internal/webserver/handler.go:113.21,115.3 1 0
github.com/go-shiori/shiori/internal/webserver/handler.go:118.2,119.12 2 0
github.com/go-shiori/shiori/internal/webserver/handler.go:119.12,121.3 1 0
github.com/go-shiori/shiori/internal/webserver/handler.go:124.2,124.41 1 0
github.com/go-shiori/shiori/internal/webserver/handler.go:124.41,125.53 1 0
github.com/go-shiori/shiori/internal/webserver/handler.go:125.53,127.4 1 0
github.com/go-shiori/shiori/internal/webserver/handler.go:130.2,130.12 1 0
github.com/go-shiori/shiori/internal/webserver/server.go:34.40,36.2 1 0
github.com/go-shiori/shiori/internal/webserver/server.go:38.75,39.25 1 0
github.com/go-shiori/shiori/internal/webserver/server.go:39.25,41.3 1 0
github.com/go-shiori/shiori/internal/webserver/server.go:42.2,43.17 2 0
github.com/go-shiori/shiori/internal/webserver/server.go:43.17,45.3 1 0
github.com/go-shiori/shiori/internal/webserver/server.go:46.2,47.19 2 0
github.com/go-shiori/shiori/internal/webserver/server.go:47.19,49.3 1 0
github.com/go-shiori/shiori/internal/webserver/server.go:50.2,50.11 1 0
github.com/go-shiori/shiori/internal/webserver/server.go:50.11,52.3 1 0
github.com/go-shiori/shiori/internal/webserver/server.go:70.62,74.32 3 0
github.com/go-shiori/shiori/internal/webserver/server.go:74.32,76.3 1 0
github.com/go-shiori/shiori/internal/webserver/server.go:77.2,77.18 1 0
github.com/go-shiori/shiori/internal/webserver/server.go:81.61,84.2 2 0
github.com/go-shiori/shiori/internal/webserver/server.go:87.56,88.33 1 0
github.com/go-shiori/shiori/internal/webserver/server.go:88.33,96.3 1 0
github.com/go-shiori/shiori/internal/webserver/server.go:96.8,104.3 1 0
github.com/go-shiori/shiori/internal/webserver/server.go:108.33,124.16 5 0
github.com/go-shiori/shiori/internal/webserver/server.go:124.16,126.3 1 0
github.com/go-shiori/shiori/internal/webserver/server.go:129.2,155.147 5 0
github.com/go-shiori/shiori/internal/webserver/server.go:155.147,156.77 1 0
github.com/go-shiori/shiori/internal/webserver/server.go:156.77,166.15 4 0
github.com/go-shiori/shiori/internal/webserver/server.go:166.15,168.5 1 0
github.com/go-shiori/shiori/internal/webserver/server.go:173.2,173.34 1 0
github.com/go-shiori/shiori/internal/webserver/server.go:173.34,175.3 1 0
github.com/go-shiori/shiori/internal/webserver/server.go:177.2,207.86 26 0
github.com/go-shiori/shiori/internal/webserver/server.go:207.86,217.14 4 0
github.com/go-shiori/shiori/internal/webserver/server.go:217.14,219.4 1 0
github.com/go-shiori/shiori/internal/webserver/server.go:223.2,233.29 4 0
github.com/go-shiori/shiori/internal/webserver/utils.go:29.46,32.39 2 0
github.com/go-shiori/shiori/internal/webserver/utils.go:32.39,34.3 1 0
github.com/go-shiori/shiori/internal/webserver/utils.go:36.2,36.34 1 0
github.com/go-shiori/shiori/internal/webserver/utils.go:39.74,42.16 2 0
github.com/go-shiori/shiori/internal/webserver/utils.go:42.16,44.3 1 0
github.com/go-shiori/shiori/internal/webserver/utils.go:45.2,48.11 2 0
github.com/go-shiori/shiori/internal/webserver/utils.go:48.11,50.17 2 0
github.com/go-shiori/shiori/internal/webserver/utils.go:50.17,52.4 1 0
github.com/go-shiori/shiori/internal/webserver/utils.go:54.3,56.51 3 0
github.com/go-shiori/shiori/internal/webserver/utils.go:57.8,59.3 1 0
github.com/go-shiori/shiori/internal/webserver/utils.go:62.2,64.20 3 0
github.com/go-shiori/shiori/internal/webserver/utils.go:64.20,67.3 2 0
github.com/go-shiori/shiori/internal/webserver/utils.go:70.2,71.12 2 0
github.com/go-shiori/shiori/internal/webserver/utils.go:74.61,81.2 5 0
github.com/go-shiori/shiori/internal/webserver/utils.go:83.71,88.2 4 0
github.com/go-shiori/shiori/internal/webserver/utils.go:90.40,92.14 2 0
github.com/go-shiori/shiori/internal/webserver/utils.go:92.14,94.3 1 0
github.com/go-shiori/shiori/internal/webserver/utils.go:95.2,95.42 1 0
github.com/go-shiori/shiori/internal/webserver/utils.go:98.39,101.2 2 0
github.com/go-shiori/shiori/internal/webserver/utils.go:103.92,106.16 2 0
github.com/go-shiori/shiori/internal/webserver/utils.go:106.16,108.3 1 0
github.com/go-shiori/shiori/internal/webserver/utils.go:109.2,113.16 3 0
github.com/go-shiori/shiori/internal/webserver/utils.go:113.16,115.3 1 0
github.com/go-shiori/shiori/internal/webserver/utils.go:118.2,118.91 1 0
github.com/go-shiori/shiori/internal/webserver/utils.go:122.41,132.16 3 0
github.com/go-shiori/shiori/internal/webserver/utils.go:132.16,134.27 2 0
github.com/go-shiori/shiori/internal/webserver/utils.go:134.27,136.4 1 0
github.com/go-shiori/shiori/internal/webserver/utils.go:138.3,139.77 2 0
github.com/go-shiori/shiori/internal/webserver/utils.go:142.2,149.20 7 0
github.com/go-shiori/shiori/internal/webserver/utils.go:152.28,153.16 1 0
github.com/go-shiori/shiori/internal/webserver/utils.go:153.16,155.3 1 0
github.com/go-shiori/shiori/internal/webserver/utils.go:159.2,159.38 1 0
github.com/go-shiori/shiori/internal/webserver/utils.go:159.38,160.46 1 0
github.com/go-shiori/shiori/internal/webserver/utils.go:160.46,161.63 1 0
github.com/go-shiori/shiori/internal/webserver/utils.go:161.63,163.5 1 0
github.com/go-shiori/shiori/internal/webserver/utils.go:167.2,167.12 1 0
github.com/go-shiori/shiori/internal/webserver/utils_ip.go:131.58,133.16 2 14
github.com/go-shiori/shiori/internal/webserver/utils_ip.go:133.16,134.73 1 1
github.com/go-shiori/shiori/internal/webserver/utils_ip.go:136.2,136.16 1 13
github.com/go-shiori/shiori/internal/webserver/utils_ip.go:140.34,141.41 1 109
github.com/go-shiori/shiori/internal/webserver/utils_ip.go:141.41,142.26 1 1291
github.com/go-shiori/shiori/internal/webserver/utils_ip.go:142.26,144.4 1 49
github.com/go-shiori/shiori/internal/webserver/utils_ip.go:146.2,146.14 1 60
github.com/go-shiori/shiori/internal/webserver/utils_ip.go:150.34,151.43 1 15
github.com/go-shiori/shiori/internal/webserver/utils_ip.go:151.43,152.26 1 136
github.com/go-shiori/shiori/internal/webserver/utils_ip.go:152.26,154.4 1 11
github.com/go-shiori/shiori/internal/webserver/utils_ip.go:156.2,156.14 1 4
github.com/go-shiori/shiori/internal/webserver/utils_ip.go:160.34,161.33 1 124
github.com/go-shiori/shiori/internal/webserver/utils_ip.go:161.33,163.3 1 109
github.com/go-shiori/shiori/internal/webserver/utils_ip.go:164.2,164.44 1 15
github.com/go-shiori/shiori/internal/webserver/utils_ip.go:168.45,169.18 1 103
github.com/go-shiori/shiori/internal/webserver/utils_ip.go:169.18,171.3 1 1
github.com/go-shiori/shiori/internal/webserver/utils_ip.go:172.2,175.35 3 102
github.com/go-shiori/shiori/internal/webserver/utils_ip.go:175.35,177.3 1 56
github.com/go-shiori/shiori/internal/webserver/utils_ip.go:178.2,178.14 1 46
github.com/go-shiori/shiori/internal/webserver/utils_ip.go:191.44,194.16 3 33
github.com/go-shiori/shiori/internal/webserver/utils_ip.go:194.16,196.3 1 1
github.com/go-shiori/shiori/internal/webserver/utils_ip.go:197.2,197.37 1 32
github.com/go-shiori/shiori/internal/webserver/utils_ip.go:197.37,199.3 1 1
github.com/go-shiori/shiori/internal/webserver/utils_ip.go:201.2,201.48 1 31
github.com/go-shiori/shiori/internal/webserver/utils_ip.go:201.48,203.16 2 50
github.com/go-shiori/shiori/internal/webserver/utils_ip.go:203.16,204.12 1 21
github.com/go-shiori/shiori/internal/webserver/utils_ip.go:207.3,208.64 2 29
github.com/go-shiori/shiori/internal/webserver/utils_ip.go:208.64,210.4 1 2
github.com/go-shiori/shiori/internal/webserver/utils_ip.go:211.3,211.33 1 29
github.com/go-shiori/shiori/internal/webserver/utils_ip.go:211.33,213.4 1 24
github.com/go-shiori/shiori/internal/webserver/utils_ip.go:215.2,215.21 1 7
github.com/go-shiori/shiori/internal/http/routes/api/accounts.go:21.71,27.2 5 4
github.com/go-shiori/shiori/internal/http/routes/api/accounts.go:29.90,31.2 1 1
github.com/go-shiori/shiori/internal/http/routes/api/accounts.go:39.47,40.22 1 2
github.com/go-shiori/shiori/internal/http/routes/api/accounts.go:40.22,42.3 1 0
github.com/go-shiori/shiori/internal/http/routes/api/accounts.go:43.2,43.22 1 2
github.com/go-shiori/shiori/internal/http/routes/api/accounts.go:43.22,45.3 1 0
github.com/go-shiori/shiori/internal/http/routes/api/accounts.go:46.2,46.12 1 2
github.com/go-shiori/shiori/internal/http/routes/api/accounts.go:62.57,64.51 2 2
github.com/go-shiori/shiori/internal/http/routes/api/accounts.go:64.51,67.3 2 0
github.com/go-shiori/shiori/internal/http/routes/api/accounts.go:69.2,69.42 1 2
github.com/go-shiori/shiori/internal/http/routes/api/accounts.go:69.42,72.3 2 0
github.com/go-shiori/shiori/internal/http/routes/api/accounts.go:74.2,75.16 2 2
github.com/go-shiori/shiori/internal/http/routes/api/accounts.go:75.16,78.3 2 1
github.com/go-shiori/shiori/internal/http/routes/api/accounts.go:80.2,81.24 2 1
github.com/go-shiori/shiori/internal/http/routes/api/accounts.go:81.24,83.3 1 0
github.com/go-shiori/shiori/internal/http/routes/api/accounts.go:85.2,86.16 2 1
github.com/go-shiori/shiori/internal/http/routes/api/accounts.go:86.16,89.3 2 0
github.com/go-shiori/shiori/internal/http/routes/api/accounts.go:91.2,98.50 3 1
github.com/go-shiori/shiori/internal/http/routes/api/accounts.go:109.59,111.25 2 0
github.com/go-shiori/shiori/internal/http/routes/api/accounts.go:111.25,114.3 2 0
github.com/go-shiori/shiori/internal/http/routes/api/accounts.go:116.2,119.16 4 0
github.com/go-shiori/shiori/internal/http/routes/api/accounts.go:119.16,122.3 2 0
github.com/go-shiori/shiori/internal/http/routes/api/accounts.go:124.2,130.56 3 0
github.com/go-shiori/shiori/internal/http/routes/api/accounts.go:141.54,143.25 2 2
github.com/go-shiori/shiori/internal/http/routes/api/accounts.go:143.25,146.3 2 1
github.com/go-shiori/shiori/internal/http/routes/api/accounts.go:148.2,148.51 1 1
github.com/go-shiori/shiori/internal/http/routes/api/accounts.go:152.58,154.25 2 0
github.com/go-shiori/shiori/internal/http/routes/api/accounts.go:154.25,157.3 2 0
github.com/go-shiori/shiori/internal/http/routes/api/accounts.go:159.2,162.47 2 0
github.com/go-shiori/shiori/internal/http/routes/api/accounts.go:165.94,170.2 1 4
github.com/go-shiori/shiori/internal/http/routes/api/api.go:16.60,17.31 1 0
github.com/go-shiori/shiori/internal/http/routes/api/api.go:17.31,19.3 1 0
github.com/go-shiori/shiori/internal/http/routes/api/api.go:22.2,29.10 5 0
github.com/go-shiori/shiori/internal/http/routes/api/api.go:32.82,35.2 2 0
github.com/go-shiori/shiori/internal/http/routes/api/api.go:37.80,42.2 1 0
github.com/go-shiori/shiori/internal/http/routes/api/bookmarks.go:21.69,26.2 4 0
github.com/go-shiori/shiori/internal/http/routes/api/bookmarks.go:28.58,30.16 2 0
github.com/go-shiori/shiori/internal/http/routes/api/bookmarks.go:30.16,34.3 3 0
github.com/go-shiori/shiori/internal/http/routes/api/bookmarks.go:36.2,36.34 1 0
github.com/go-shiori/shiori/internal/http/routes/api/bookmarks.go:49.80,63.16 5 0
github.com/go-shiori/shiori/internal/http/routes/api/bookmarks.go:63.16,65.3 1 0
github.com/go-shiori/shiori/internal/http/routes/api/bookmarks.go:68.2,68.26 1 0
github.com/go-shiori/shiori/internal/http/routes/api/bookmarks.go:68.26,70.3 1 0
github.com/go-shiori/shiori/internal/http/routes/api/bookmarks.go:72.2,72.22 1 0
github.com/go-shiori/shiori/internal/http/routes/api/bookmarks.go:75.62,80.2 1 0
github.com/go-shiori/shiori/internal/http/routes/api/bookmarks.go:82.60,84.51 2 0
github.com/go-shiori/shiori/internal/http/routes/api/bookmarks.go:84.51,88.3 3 0
github.com/go-shiori/shiori/internal/http/routes/api/bookmarks.go:90.2,91.16 2 0
github.com/go-shiori/shiori/internal/http/routes/api/bookmarks.go:91.16,95.3 3 0
github.com/go-shiori/shiori/internal/http/routes/api/bookmarks.go:97.2,98.37 2 0
github.com/go-shiori/shiori/internal/http/routes/api/bookmarks.go:98.37,102.3 3 0
github.com/go-shiori/shiori/internal/http/routes/api/bookmarks.go:104.2,106.19 2 0
github.com/go-shiori/shiori/internal/http/routes/api/bookmarks.go:106.19,107.13 1 0
github.com/go-shiori/shiori/internal/http/routes/api/bookmarks.go:107.13,109.18 2 0
github.com/go-shiori/shiori/internal/http/routes/api/bookmarks.go:109.18,112.5 2 0
github.com/go-shiori/shiori/internal/http/routes/api/bookmarks.go:113.4,113.80 1 0
github.com/go-shiori/shiori/internal/http/routes/api/bookmarks.go:113.80,115.5 1 0
github.com/go-shiori/shiori/internal/http/routes/api/bookmarks.go:117.8,121.17 2 0
github.com/go-shiori/shiori/internal/http/routes/api/bookmarks.go:121.17,123.4 1 0
github.com/go-shiori/shiori/internal/http/routes/api/bookmarks.go:123.9,123.82 1 0
github.com/go-shiori/shiori/internal/http/routes/api/bookmarks.go:123.82,125.4 1 0
github.com/go-shiori/shiori/internal/http/routes/api/bookmarks.go:128.2,128.29 1 0
github.com/go-shiori/shiori/internal/http/routes/api/bookmarks.go:131.60,133.13 2 0
github.com/go-shiori/shiori/internal/http/routes/api/bookmarks.go:133.13,136.3 2 0
github.com/go-shiori/shiori/internal/http/routes/api/bookmarks.go:138.2,139.16 2 0
github.com/go-shiori/shiori/internal/http/routes/api/bookmarks.go:139.16,142.3 2 0
github.com/go-shiori/shiori/internal/http/routes/api/bookmarks.go:144.2,145.16 2 0
github.com/go-shiori/shiori/internal/http/routes/api/bookmarks.go:145.16,148.3 2 0
github.com/go-shiori/shiori/internal/http/routes/api/bookmarks.go:150.2,150.12 1 0
github.com/go-shiori/shiori/internal/http/routes/api/bookmarks.go:150.12,153.3 2 0
github.com/go-shiori/shiori/internal/http/routes/api/bookmarks.go:155.2,155.71 1 0
github.com/go-shiori/shiori/internal/http/routes/api/bookmarks.go:155.71,159.3 3 0
github.com/go-shiori/shiori/internal/http/routes/api/bookmarks.go:161.2,161.43 1 0
github.com/go-shiori/shiori/internal/http/routes/api/bookmarks.go:164.97,169.2 1 0
github.com/go-shiori/shiori/internal/http/routes/api/debug.go:16.69,19.2 2 0
github.com/go-shiori/shiori/internal/http/routes/api/debug.go:21.60,28.64 2 0
github.com/go-shiori/shiori/internal/http/routes/api/debug.go:28.64,31.3 2 0
github.com/go-shiori/shiori/internal/http/routes/api/debug.go:33.2,33.32 1 0
github.com/go-shiori/shiori/internal/http/routes/api/debug.go:36.89,41.2 1 0
github.com/go-shiori/shiori/internal/http/routes/api/tags.go:16.64,19.2 2 0
github.com/go-shiori/shiori/internal/http/routes/api/tags.go:21.53,23.2 1 0
github.com/go-shiori/shiori/internal/http/routes/api/tags.go:25.87,30.2 1 0
